2019-12-05 15:50:35,460 ERROR [org.apache.activemq.broker.TransportConnector] - Could not accept connection : java.lang.InterruptedException
2019-12-05 15:50:35,461 ERROR [n-1390925f450.IDirectory.jms] - Sending of Message to address 'group:df@dfgroup' through JMS failed!
javax.jms.JMSException: peer (vm://n-1390925f450StaticGatewayBroker#1) stopped.
	at org.apache.activemq.util.JMSExceptionSupport.create(JMSExceptionSupport.java:54)
	at org.apache.activemq.ActiveMQConnection.syncSendPacket(ActiveMQConnection.java:1398)
	at org.apache.activemq.ActiveMQConnection.syncSendPacket(ActiveMQConnection.java:1324)
	at org.apache.activemq.ActiveMQSession.send(ActiveMQSession.java:1971)
	at org.apache.activemq.ActiveMQMessageProducer.send(ActiveMQMessageProducer.java:288)
	at org.apache.activemq.ActiveMQMessageProducer.send(ActiveMQMessageProducer.java:223)
	at de.dailab.jiactng.agentcore.comm.transport.jms.JMSSender.sendMessage(JMSSender.java:52)
	at de.dailab.jiactng.agentcore.comm.transport.jms.JMSSender.send(JMSSender.java:43)
	at de.dailab.jiactng.agentcore.comm.transport.jms.JMSMessageTransport.send(JMSMessageTransport.java:215)
	at de.dailab.jiactng.agentcore.directory.DirectoryAgentNodeBean.sendMessage(DirectoryAgentNodeBean.java:1472)
	at de.dailab.jiactng.agentcore.directory.DirectoryAgentNodeBean.doStop(DirectoryAgentNodeBean.java:295)
	at de.dailab.jiactng.agentcore.lifecycle.AbstractLifecycle.stop(AbstractLifecycle.java:181)
	at de.dailab.jiactng.agentcore.SimpleAgentNode.doStop(SimpleAgentNode.java:978)
	at de.dailab.jiactng.agentcore.lifecycle.AbstractLifecycle.stop(AbstractLifecycle.java:181)
	at de.dailab.jiactng.agentcore.SimpleAgentNode.shutdown(SimpleAgentNode.java:819)
	at de.dailab.jiactng.agentcore.SimpleAgentNode$1.run(SimpleAgentNode.java:144)
Caused by: org.apache.activemq.transport.TransportDisposedIOException: peer (vm://n-1390925f450StaticGatewayBroker#1) stopped.
	at org.apache.activemq.transport.vm.VMTransport.stop(VMTransport.java:229)
	at org.apache.activemq.transport.TransportFilter.stop(TransportFilter.java:65)
	at org.apache.activemq.transport.TransportFilter.stop(TransportFilter.java:65)
	at org.apache.activemq.transport.ResponseCorrelator.stop(ResponseCorrelator.java:132)
	at org.apache.activemq.broker.TransportConnection.doStop(TransportConnection.java:1164)
	at org.apache.activemq.broker.TransportConnection$4.run(TransportConnection.java:1130)
	at java.util.concurrent.ThreadPoolExecutor.runWorker(ThreadPoolExecutor.java:1149)
	at java.util.concurrent.ThreadPoolExecutor$Worker.run(ThreadPoolExecutor.java:624)
	at java.lang.Thread.run(Thread.java:748)
2019-12-05 15:50:35,460 ERROR [org.apache.activemq.thread.TaskRunnerFactory] - Error in thread 'ActiveMQ VMTransport: vm://n-1390925f450StaticGatewayBroker#1-1'
org.apache.activemq.broker.BrokerStoppedException: Broker BrokerService[n-1390925f450StaticGatewayBroker] is being stopped
	at org.apache.activemq.broker.TransportConnection$1.onCommand(TransportConnection.java:193)
	at org.apache.activemq.transport.ResponseCorrelator.onCommand(ResponseCorrelator.java:116)
	at org.apache.activemq.transport.MutexTransport.onCommand(MutexTransport.java:50)
	at org.apache.activemq.transport.vm.VMTransport.iterate(VMTransport.java:270)
	at org.apache.activemq.thread.PooledTaskRunner.runTask(PooledTaskRunner.java:133)
	at org.apache.activemq.thread.PooledTaskRunner$1.run(PooledTaskRunner.java:48)
	at java.util.concurrent.ThreadPoolExecutor.runWorker(ThreadPoolExecutor.java:1149)
	at java.util.concurrent.ThreadPoolExecutor$Worker.run(ThreadPoolExecutor.java:624)
	at java.lang.Thread.run(Thread.java:748)
2019-12-05 15:50:35,482 ERROR [n-1390925f450.IDirectory] - sendMessage failed. Message:
[Headers: {JiacTNGSenderAddress=>msgbox:df@n-1390925f450;JiacTNGProtocolID=>df:bye;JiacTNGGroupAddress=>df@dfgroup;UUID=>n-1390925f450}, Payload: null, Sender: msgbox:df@n-1390925f450]
de.dailab.jiactng.agentcore.comm.CommunicationException: error while sending message
	at de.dailab.jiactng.agentcore.comm.transport.jms.JMSMessageTransport.send(JMSMessageTransport.java:221)
	at de.dailab.jiactng.agentcore.directory.DirectoryAgentNodeBean.sendMessage(DirectoryAgentNodeBean.java:1472)
	at de.dailab.jiactng.agentcore.directory.DirectoryAgentNodeBean.doStop(DirectoryAgentNodeBean.java:295)
	at de.dailab.jiactng.agentcore.lifecycle.AbstractLifecycle.stop(AbstractLifecycle.java:181)
	at de.dailab.jiactng.agentcore.SimpleAgentNode.doStop(SimpleAgentNode.java:978)
	at de.dailab.jiactng.agentcore.lifecycle.AbstractLifecycle.stop(AbstractLifecycle.java:181)
	at de.dailab.jiactng.agentcore.SimpleAgentNode.shutdown(SimpleAgentNode.java:819)
	at de.dailab.jiactng.agentcore.SimpleAgentNode$1.run(SimpleAgentNode.java:144)
Caused by: javax.jms.JMSException: peer (vm://n-1390925f450StaticGatewayBroker#1) stopped.
	at org.apache.activemq.util.JMSExceptionSupport.create(JMSExceptionSupport.java:54)
	at org.apache.activemq.ActiveMQConnection.syncSendPacket(ActiveMQConnection.java:1398)
	at org.apache.activemq.ActiveMQConnection.syncSendPacket(ActiveMQConnection.java:1324)
	at org.apache.activemq.ActiveMQSession.send(ActiveMQSession.java:1971)
	at org.apache.activemq.ActiveMQMessageProducer.send(ActiveMQMessageProducer.java:288)
	at org.apache.activemq.ActiveMQMessageProducer.send(ActiveMQMessageProducer.java:223)
	at de.dailab.jiactng.agentcore.comm.transport.jms.JMSSender.sendMessage(JMSSender.java:52)
	at de.dailab.jiactng.agentcore.comm.transport.jms.JMSSender.send(JMSSender.java:43)
	at de.dailab.jiactng.agentcore.comm.transport.jms.JMSMessageTransport.send(JMSMessageTransport.java:215)
	... 7 more
Caused by: org.apache.activemq.transport.TransportDisposedIOException: peer (vm://n-1390925f450StaticGatewayBroker#1) stopped.
	at org.apache.activemq.transport.vm.VMTransport.stop(VMTransport.java:229)
	at org.apache.activemq.transport.TransportFilter.stop(TransportFilter.java:65)
	at org.apache.activemq.transport.TransportFilter.stop(TransportFilter.java:65)
	at org.apache.activemq.transport.ResponseCorrelator.stop(ResponseCorrelator.java:132)
	at org.apache.activemq.broker.TransportConnection.doStop(TransportConnection.java:1164)
	at org.apache.activemq.broker.TransportConnection$4.run(TransportConnection.java:1130)
	at java.util.concurrent.ThreadPoolExecutor.runWorker(ThreadPoolExecutor.java:1149)
	at java.util.concurrent.ThreadPoolExecutor$Worker.run(ThreadPoolExecutor.java:624)
	at java.lang.Thread.run(Thread.java:748)
2019-12-05 15:50:35,490 WARN [n-1390925f450.IDirectory.jms] - could not stop JMS connection 
org.apache.activemq.ConnectionFailedException: The JMS connection has failed: peer (vm://n-1390925f450StaticGatewayBroker#1) stopped.
	at org.apache.activemq.ActiveMQConnection.checkClosedOrFailed(ActiveMQConnection.java:1471)
	at org.apache.activemq.ActiveMQConnection.doStop(ActiveMQConnection.java:575)
	at org.apache.activemq.ActiveMQConnection.stop(ActiveMQConnection.java:564)
	at de.dailab.jiactng.agentcore.comm.transport.jms.JMSMessageTransport.doCleanup(JMSMessageTransport.java:103)
	at de.dailab.jiactng.agentcore.directory.DirectoryAgentNodeBean.doCleanup(DirectoryAgentNodeBean.java:311)
	at de.dailab.jiactng.agentcore.lifecycle.AbstractLifecycle.cleanup(AbstractLifecycle.java:221)
	at de.dailab.jiactng.agentcore.SimpleAgentNode.doCleanup(SimpleAgentNode.java:1011)
	at de.dailab.jiactng.agentcore.lifecycle.AbstractLifecycle.cleanup(AbstractLifecycle.java:221)
	at de.dailab.jiactng.agentcore.SimpleAgentNode.shutdown(SimpleAgentNode.java:820)
	at de.dailab.jiactng.agentcore.SimpleAgentNode$1.run(SimpleAgentNode.java:144)
Caused by: org.apache.activemq.transport.TransportDisposedIOException: peer (vm://n-1390925f450StaticGatewayBroker#1) stopped.
	at org.apache.activemq.transport.vm.VMTransport.stop(VMTransport.java:229)
	at org.apache.activemq.transport.TransportFilter.stop(TransportFilter.java:65)
	at org.apache.activemq.transport.TransportFilter.stop(TransportFilter.java:65)
	at org.apache.activemq.transport.ResponseCorrelator.stop(ResponseCorrelator.java:132)
	at org.apache.activemq.broker.TransportConnection.doStop(TransportConnection.java:1164)
	at org.apache.activemq.broker.TransportConnection$4.run(TransportConnection.java:1130)
	at java.util.concurrent.ThreadPoolExecutor.runWorker(ThreadPoolExecutor.java:1149)
	at java.util.concurrent.ThreadPoolExecutor$Worker.run(ThreadPoolExecutor.java:624)
	at java.lang.Thread.run(Thread.java:748)
